{"contracts/erc1155/factory/RFOXFactoryStandard1155.sol":{"l":{"14":89,"15":89,"16":89,"20":89,"24":89,"26":89,"28":89,"30":89},"path":"/private/var/www/html/RedFox/miss-universe-github/contracts/erc1155/factory/RFOXFactoryStandard1155.sol","s":{"1":89,"2":89,"3":89,"4":89,"5":89,"6":89,"7":89},"b":{},"f":{"1":89},"fnMap":{"1":{"name":"createNFT","line":13,"loc":{"start":{"line":13,"column":4},"end":{"line":31,"column":4}}}},"statementMap":{"1":{"start":{"line":14,"column":8},"end":{"line":14,"column":63}},"2":{"start":{"line":15,"column":8},"end":{"line":15,"column":70}},"3":{"start":{"line":16,"column":8},"end":{"line":16,"column":590}},"4":{"start":{"line":24,"column":8},"end":{"line":24,"column":53}},"5":{"start":{"line":26,"column":8},"end":{"line":26,"column":36}},"6":{"start":{"line":28,"column":8},"end":{"line":28,"column":39}},"7":{"start":{"line":30,"column":8},"end":{"line":30,"column":30}}},"branchMap":{}},"contracts/erc1155/factory/RFOXFactoryStandardBotPrevention1155.sol":{"l":{"14":50,"15":50,"16":50,"20":50,"24":50,"26":50,"28":50,"30":50},"path":"/private/var/www/html/RedFox/miss-universe-github/contracts/erc1155/factory/RFOXFactoryStandardBotPrevention1155.sol","s":{"1":50,"2":50,"3":50,"4":50,"5":50,"6":50,"7":50},"b":{},"f":{"1":50},"fnMap":{"1":{"name":"createNFT","line":13,"loc":{"start":{"line":13,"column":4},"end":{"line":31,"column":4}}}},"statementMap":{"1":{"start":{"line":14,"column":8},"end":{"line":14,"column":63}},"2":{"start":{"line":15,"column":8},"end":{"line":15,"column":83}},"3":{"start":{"line":16,"column":8},"end":{"line":16,"column":629}},"4":{"start":{"line":24,"column":8},"end":{"line":24,"column":66}},"5":{"start":{"line":26,"column":8},"end":{"line":26,"column":36}},"6":{"start":{"line":28,"column":8},"end":{"line":28,"column":39}},"7":{"start":{"line":30,"column":8},"end":{"line":30,"column":30}}},"branchMap":{}},"contracts/erc1155/factory/RFOXFactoryWhitelist.sol":{"l":{"14":67,"15":67,"16":67,"20":67,"24":67,"26":67,"28":67,"30":67},"path":"/private/var/www/html/RedFox/miss-universe-github/contracts/erc1155/factory/RFOXFactoryWhitelist.sol","s":{"1":67,"2":67,"3":67,"4":67,"5":67,"6":67,"7":67},"b":{},"f":{"1":67},"fnMap":{"1":{"name":"createNFT","line":13,"loc":{"start":{"line":13,"column":4},"end":{"line":31,"column":4}}}},"statementMap":{"1":{"start":{"line":14,"column":8},"end":{"line":14,"column":63}},"2":{"start":{"line":15,"column":8},"end":{"line":15,"column":71}},"3":{"start":{"line":16,"column":8},"end":{"line":16,"column":593}},"4":{"start":{"line":24,"column":8},"end":{"line":24,"column":54}},"5":{"start":{"line":26,"column":8},"end":{"line":26,"column":36}},"6":{"start":{"line":28,"column":8},"end":{"line":28,"column":39}},"7":{"start":{"line":30,"column":8},"end":{"line":30,"column":30}}},"branchMap":{}},"contracts/erc1155/factory/RFOXFactoryWhitelistBotPrevention1155.sol":{"l":{"14":72,"15":72,"16":72,"20":72,"24":72,"26":72,"28":72,"30":72},"path":"/private/var/www/html/RedFox/miss-universe-github/contracts/erc1155/factory/RFOXFactoryWhitelistBotPrevention1155.sol","s":{"1":72,"2":72,"3":72,"4":72,"5":72,"6":72,"7":72},"b":{},"f":{"1":72},"fnMap":{"1":{"name":"createNFT","line":13,"loc":{"start":{"line":13,"column":4},"end":{"line":31,"column":4}}}},"statementMap":{"1":{"start":{"line":14,"column":8},"end":{"line":14,"column":63}},"2":{"start":{"line":15,"column":8},"end":{"line":15,"column":84}},"3":{"start":{"line":16,"column":8},"end":{"line":16,"column":632}},"4":{"start":{"line":24,"column":8},"end":{"line":24,"column":67}},"5":{"start":{"line":26,"column":8},"end":{"line":26,"column":36}},"6":{"start":{"line":28,"column":8},"end":{"line":28,"column":39}},"7":{"start":{"line":30,"column":8},"end":{"line":30,"column":30}}},"branchMap":{}},"contracts/erc1155/lib/base/BaseRFOXNFT1155.sol":{"l":{"50":147,"51":139,"65":131,"68":127,"73":117,"92":47,"95":39,"100":37,"101":33,"110":8,"114":278,"131":278,"132":278,"133":278,"134":278,"145":250,"146":246,"147":242,"149":238,"150":238,"159":4,"168":4,"178":4,"179":4,"180":4,"184":8,"193":4,"209":8,"211":4,"212":4,"221":12,"222":12,"223":8,"224":8,"227":8,"229":4,"230":4,"233":8,"246":98,"248":72,"249":24,"254":48,"256":44,"263":56,"272":8,"273":8,"274":4,"275":4,"284":8,"285":8,"286":4,"287":4},"path":"/private/var/www/html/RedFox/miss-universe-github/contracts/erc1155/lib/base/BaseRFOXNFT1155.sol","s":{"1":147,"2":131,"3":127,"4":117,"5":47,"6":39,"7":37,"8":33,"9":8,"10":278,"11":278,"12":278,"13":278,"14":278,"15":250,"16":246,"17":242,"18":238,"19":238,"20":4,"21":4,"22":4,"23":4,"24":4,"25":8,"26":4,"27":8,"28":4,"29":4,"30":12,"31":12,"32":8,"33":8,"34":8,"35":4,"36":4,"37":8,"38":98,"39":72,"40":24,"41":48,"42":44,"43":56,"44":8,"45":8,"46":4,"47":4,"48":8,"49":8,"50":4,"51":4},"b":{"1":[139,8],"2":[127,4],"3":[117,10],"4":[113,4],"5":[37,2],"6":[33,4],"7":[31,2],"8":[246,4],"9":[242,4],"10":[238,4],"11":[4,4],"12":[8,4],"13":[4,4],"14":[24,48],"15":[16,8],"16":[44,4],"17":[4,4],"18":[4,4]},"f":{"1":147,"2":131,"3":47,"4":8,"5":278,"6":278,"7":250,"8":4,"9":4,"10":4,"11":8,"12":4,"13":8,"14":12,"15":98,"16":8,"17":8},"fnMap":{"1":{"name":"callerIsUser","line":49,"loc":{"start":{"line":49,"column":4},"end":{"line":52,"column":4}}},"2":{"name":"_checkBaseSaleRequirement","line":63,"loc":{"start":{"line":63,"column":4},"end":{"line":77,"column":4}}},"3":{"name":"_checkPublicSaleRequirement","line":91,"loc":{"start":{"line":91,"column":4},"end":{"line":102,"column":4}}},"4":{"name":"active","line":109,"loc":{"start":{"line":109,"column":4},"end":{"line":111,"column":4}}},"5":{"name":"constructor","line":113,"loc":{"start":{"line":113,"column":4},"end":{"line":115,"column":4}}},"6":{"name":"initializeBase","line":125,"loc":{"start":{"line":125,"column":4},"end":{"line":135,"column":4}}},"7":{"name":"_updateTokenSettings","line":142,"loc":{"start":{"line":142,"column":4},"end":{"line":151,"column":4}}},"8":{"name":"name","line":158,"loc":{"start":{"line":158,"column":4},"end":{"line":160,"column":4}}},"9":{"name":"symbol","line":167,"loc":{"start":{"line":167,"column":4},"end":{"line":169,"column":4}}},"10":{"name":"setBaseURI","line":177,"loc":{"start":{"line":177,"column":4},"end":{"line":181,"column":4}}},"11":{"name":"_baseURI","line":183,"loc":{"start":{"line":183,"column":4},"end":{"line":185,"column":4}}},"12":{"name":"baseURI","line":192,"loc":{"start":{"line":192,"column":4},"end":{"line":194,"column":4}}},"13":{"name":"uri","line":203,"loc":{"start":{"line":203,"column":4},"end":{"line":213,"column":4}}},"14":{"name":"withdraw","line":220,"loc":{"start":{"line":220,"column":4},"end":{"line":234,"column":4}}},"15":{"name":"_buyNFTs","line":245,"loc":{"start":{"line":245,"column":4},"end":{"line":264,"column":4}}},"16":{"name":"activateToken","line":271,"loc":{"start":{"line":271,"column":4},"end":{"line":276,"column":4}}},"17":{"name":"deactivateToken","line":283,"loc":{"start":{"line":283,"column":4},"end":{"line":288,"column":4}}}},"statementMap":{"1":{"start":{"line":50,"column":8},"end":{"line":50,"column":61}},"2":{"start":{"line":65,"column":8},"end":{"line":65,"column":55}},"3":{"start":{"line":68,"column":8},"end":{"line":68,"column":2453}},"4":{"start":{"line":73,"column":8},"end":{"line":73,"column":2623}},"5":{"start":{"line":92,"column":7},"end":{"line":92,"column":56}},"6":{"start":{"line":95,"column":8},"end":{"line":95,"column":3529}},"7":{"start":{"line":100,"column":8},"end":{"line":100,"column":3733}},"8":{"start":{"line":101,"column":12},"end":{"line":101,"column":86}},"9":{"start":{"line":110,"column":8},"end":{"line":110,"column":41}},"10":{"start":{"line":114,"column":8},"end":{"line":114,"column":41}},"11":{"start":{"line":131,"column":8},"end":{"line":131,"column":20}},"12":{"start":{"line":132,"column":8},"end":{"line":132,"column":24}},"13":{"start":{"line":133,"column":8},"end":{"line":133,"column":32}},"14":{"start":{"line":134,"column":8},"end":{"line":134,"column":35}},"15":{"start":{"line":145,"column":8},"end":{"line":145,"column":65}},"16":{"start":{"line":146,"column":8},"end":{"line":146,"column":86}},"17":{"start":{"line":147,"column":8},"end":{"line":147,"column":122}},"18":{"start":{"line":149,"column":8},"end":{"line":149,"column":48}},"19":{"start":{"line":150,"column":8},"end":{"line":150,"column":74}},"20":{"start":{"line":159,"column":8},"end":{"line":159,"column":20}},"21":{"start":{"line":168,"column":8},"end":{"line":168,"column":22}},"22":{"start":{"line":178,"column":8},"end":{"line":178,"column":46}},"23":{"start":{"line":179,"column":8},"end":{"line":179,"column":40}},"24":{"start":{"line":180,"column":8},"end":{"line":180,"column":59}},"25":{"start":{"line":184,"column":8},"end":{"line":184,"column":29}},"26":{"start":{"line":193,"column":8},"end":{"line":193,"column":25}},"27":{"start":{"line":209,"column":8},"end":{"line":209,"column":83}},"28":{"start":{"line":211,"column":8},"end":{"line":211,"column":46}},"29":{"start":{"line":212,"column":8},"end":{"line":212,"column":109}},"30":{"start":{"line":221,"column":8},"end":{"line":221,"column":23}},"31":{"start":{"line":222,"column":8},"end":{"line":222,"column":7140}},"32":{"start":{"line":223,"column":12},"end":{"line":223,"column":42}},"33":{"start":{"line":224,"column":12},"end":{"line":224,"column":7229}},"34":{"start":{"line":227,"column":12},"end":{"line":227,"column":55}},"35":{"start":{"line":229,"column":12},"end":{"line":229,"column":59}},"36":{"start":{"line":230,"column":12},"end":{"line":230,"column":58}},"37":{"start":{"line":233,"column":8},"end":{"line":233,"column":49}},"38":{"start":{"line":246,"column":8},"end":{"line":246,"column":59}},"39":{"start":{"line":248,"column":8},"end":{"line":248,"column":8076}},"40":{"start":{"line":249,"column":12},"end":{"line":249,"column":8142}},"41":{"start":{"line":254,"column":12},"end":{"line":254,"column":53}},"42":{"start":{"line":256,"column":12},"end":{"line":256,"column":8368}},"43":{"start":{"line":263,"column":8},"end":{"line":263,"column":61}},"44":{"start":{"line":272,"column":8},"end":{"line":272,"column":78}},"45":{"start":{"line":273,"column":8},"end":{"line":273,"column":52}},"46":{"start":{"line":274,"column":8},"end":{"line":274,"column":30}},"47":{"start":{"line":275,"column":8},"end":{"line":275,"column":47}},"48":{"start":{"line":284,"column":8},"end":{"line":284,"column":78}},"49":{"start":{"line":285,"column":8},"end":{"line":285,"column":53}},"50":{"start":{"line":286,"column":8},"end":{"line":286,"column":31}},"51":{"start":{"line":287,"column":8},"end":{"line":287,"column":49}}},"branchMap":{"1":{"line":50,"type":"if","locations":[{"start":{"line":50,"column":8},"end":{"line":50,"column":8}},{"start":{"line":50,"column":8},"end":{"line":50,"column":8}}]},"2":{"line":65,"type":"if","locations":[{"start":{"line":65,"column":8},"end":{"line":65,"column":8}},{"start":{"line":65,"column":8},"end":{"line":65,"column":8}}]},"3":{"line":68,"type":"if","locations":[{"start":{"line":68,"column":8},"end":{"line":68,"column":8}},{"start":{"line":68,"column":8},"end":{"line":68,"column":8}}]},"4":{"line":73,"type":"if","locations":[{"start":{"line":73,"column":8},"end":{"line":73,"column":8}},{"start":{"line":73,"column":8},"end":{"line":73,"column":8}}]},"5":{"line":95,"type":"if","locations":[{"start":{"line":95,"column":8},"end":{"line":95,"column":8}},{"start":{"line":95,"column":8},"end":{"line":95,"column":8}}]},"6":{"line":100,"type":"if","locations":[{"start":{"line":100,"column":8},"end":{"line":100,"column":8}},{"start":{"line":100,"column":8},"end":{"line":100,"column":8}}]},"7":{"line":101,"type":"if","locations":[{"start":{"line":101,"column":12},"end":{"line":101,"column":12}},{"start":{"line":101,"column":12},"end":{"line":101,"column":12}}]},"8":{"line":145,"type":"if","locations":[{"start":{"line":145,"column":8},"end":{"line":145,"column":8}},{"start":{"line":145,"column":8},"end":{"line":145,"column":8}}]},"9":{"line":146,"type":"if","locations":[{"start":{"line":146,"column":8},"end":{"line":146,"column":8}},{"start":{"line":146,"column":8},"end":{"line":146,"column":8}}]},"10":{"line":147,"type":"if","locations":[{"start":{"line":147,"column":8},"end":{"line":147,"column":8}},{"start":{"line":147,"column":8},"end":{"line":147,"column":8}}]},"11":{"line":209,"type":"if","locations":[{"start":{"line":209,"column":8},"end":{"line":209,"column":8}},{"start":{"line":209,"column":8},"end":{"line":209,"column":8}}]},"12":{"line":222,"type":"if","locations":[{"start":{"line":222,"column":8},"end":{"line":222,"column":8}},{"start":{"line":222,"column":8},"end":{"line":222,"column":8}}]},"13":{"line":227,"type":"if","locations":[{"start":{"line":227,"column":12},"end":{"line":227,"column":12}},{"start":{"line":227,"column":12},"end":{"line":227,"column":12}}]},"14":{"line":248,"type":"if","locations":[{"start":{"line":248,"column":8},"end":{"line":248,"column":8}},{"start":{"line":248,"column":8},"end":{"line":248,"column":8}}]},"15":{"line":249,"type":"if","locations":[{"start":{"line":249,"column":12},"end":{"line":249,"column":12}},{"start":{"line":249,"column":12},"end":{"line":249,"column":12}}]},"16":{"line":254,"type":"if","locations":[{"start":{"line":254,"column":12},"end":{"line":254,"column":12}},{"start":{"line":254,"column":12},"end":{"line":254,"column":12}}]},"17":{"line":273,"type":"if","locations":[{"start":{"line":273,"column":8},"end":{"line":273,"column":8}},{"start":{"line":273,"column":8},"end":{"line":273,"column":8}}]},"18":{"line":285,"type":"if","locations":[{"start":{"line":285,"column":8},"end":{"line":285,"column":8}},{"start":{"line":285,"column":8},"end":{"line":285,"column":8}}]}}},"contracts/erc1155/lib/base/BaseRFOXNFTPresale1155.sol":{"l":{"40":33,"41":31,"46":23,"47":21,"61":33,"64":21,"65":21,"67":15,"69":15,"70":6,"75":9,"77":7,"84":11,"95":24,"96":24,"97":24,"106":143,"107":143,"118":87,"135":56,"136":56,"147":87,"148":87},"path":"/private/var/www/html/RedFox/miss-universe-github/contracts/erc1155/lib/base/BaseRFOXNFTPresale1155.sol","s":{"1":33,"2":31,"3":23,"4":21,"5":33,"6":21,"7":21,"8":15,"9":15,"10":6,"11":9,"12":7,"13":11,"14":24,"15":24,"16":24,"17":143,"18":143,"19":87,"20":56,"21":56,"22":87,"23":87},"b":{"1":[23,8],"2":[21,2],"3":[19,2],"4":[15,6],"5":[6,9],"6":[4,2],"7":[7,2]},"f":{"1":33,"2":33,"3":24,"4":143,"5":87,"6":56,"7":87},"fnMap":{"1":{"name":"_checkPresaleRequirement","line":39,"loc":{"start":{"line":39,"column":4},"end":{"line":48,"column":4}}},"2":{"name":"_buyNFTsPresale","line":60,"loc":{"start":{"line":60,"column":4},"end":{"line":85,"column":4}}},"3":{"name":"updateMerkleRoot","line":94,"loc":{"start":{"line":94,"column":4},"end":{"line":98,"column":4}}},"4":{"name":"_updatePresaleSettings","line":105,"loc":{"start":{"line":105,"column":4},"end":{"line":108,"column":4}}},"5":{"name":"_leaf","line":117,"loc":{"start":{"line":117,"column":4},"end":{"line":119,"column":4}}},"6":{"name":"checkWhitelisted","line":130,"loc":{"start":{"line":130,"column":4},"end":{"line":137,"column":4}}},"7":{"name":"_checkWhitelisted","line":146,"loc":{"start":{"line":146,"column":4},"end":{"line":149,"column":4}}}},"statementMap":{"1":{"start":{"line":40,"column":8},"end":{"line":40,"column":57}},"2":{"start":{"line":41,"column":8},"end":{"line":41,"column":1715}},"3":{"start":{"line":46,"column":8},"end":{"line":46,"column":1985}},"4":{"start":{"line":47,"column":12},"end":{"line":47,"column":86}},"5":{"start":{"line":61,"column":8},"end":{"line":61,"column":84}},"6":{"start":{"line":64,"column":8},"end":{"line":64,"column":105}},"7":{"start":{"line":65,"column":8},"end":{"line":65,"column":131}},"8":{"start":{"line":67,"column":8},"end":{"line":67,"column":114}},"9":{"start":{"line":69,"column":8},"end":{"line":69,"column":3240}},"10":{"start":{"line":70,"column":12},"end":{"line":70,"column":3306}},"11":{"start":{"line":75,"column":12},"end":{"line":75,"column":53}},"12":{"start":{"line":77,"column":12},"end":{"line":77,"column":3547}},"13":{"start":{"line":84,"column":8},"end":{"line":84,"column":61}},"14":{"start":{"line":95,"column":8},"end":{"line":95,"column":95}},"15":{"start":{"line":96,"column":8},"end":{"line":96,"column":51}},"16":{"start":{"line":97,"column":8},"end":{"line":97,"column":54}},"17":{"start":{"line":106,"column":8},"end":{"line":106,"column":57}},"18":{"start":{"line":107,"column":8},"end":{"line":107,"column":76}},"19":{"start":{"line":118,"column":8},"end":{"line":118,"column":51}},"20":{"start":{"line":135,"column":8},"end":{"line":135,"column":95}},"21":{"start":{"line":136,"column":8},"end":{"line":136,"column":69}},"22":{"start":{"line":147,"column":6},"end":{"line":147,"column":35}},"23":{"start":{"line":148,"column":6},"end":{"line":148,"column":76}}},"branchMap":{"1":{"line":41,"type":"if","locations":[{"start":{"line":41,"column":8},"end":{"line":41,"column":8}},{"start":{"line":41,"column":8},"end":{"line":41,"column":8}}]},"2":{"line":46,"type":"if","locations":[{"start":{"line":46,"column":8},"end":{"line":46,"column":8}},{"start":{"line":46,"column":8},"end":{"line":46,"column":8}}]},"3":{"line":47,"type":"if","locations":[{"start":{"line":47,"column":12},"end":{"line":47,"column":12}},{"start":{"line":47,"column":12},"end":{"line":47,"column":12}}]},"4":{"line":65,"type":"if","locations":[{"start":{"line":65,"column":8},"end":{"line":65,"column":8}},{"start":{"line":65,"column":8},"end":{"line":65,"column":8}}]},"5":{"line":69,"type":"if","locations":[{"start":{"line":69,"column":8},"end":{"line":69,"column":8}},{"start":{"line":69,"column":8},"end":{"line":69,"column":8}}]},"6":{"line":70,"type":"if","locations":[{"start":{"line":70,"column":12},"end":{"line":70,"column":12}},{"start":{"line":70,"column":12},"end":{"line":70,"column":12}}]},"7":{"line":75,"type":"if","locations":[{"start":{"line":75,"column":12},"end":{"line":75,"column":12}},{"start":{"line":75,"column":12},"end":{"line":75,"column":12}}]}}},"contracts/erc1155/lib/RFOXNFTPresale1155.sol":{"l":{"18":25,"21":21,"26":19,"27":17,"43":16,"44":16,"45":16},"path":"/private/var/www/html/RedFox/miss-universe-github/contracts/erc1155/lib/RFOXNFTPresale1155.sol","s":{"1":25,"2":21,"3":19,"4":17,"5":16,"6":16,"7":16},"b":{"1":[19,2],"2":[17,2],"3":[16,1]},"f":{"1":25,"2":16},"fnMap":{"1":{"name":"_checkPublicSaleRequirement","line":17,"loc":{"start":{"line":17,"column":4},"end":{"line":28,"column":4}}},"2":{"name":"buyNFTsPresale","line":41,"loc":{"start":{"line":38,"column":4},"end":{"line":46,"column":4}}}},"statementMap":{"1":{"start":{"line":18,"column":7},"end":{"line":18,"column":56}},"2":{"start":{"line":21,"column":8},"end":{"line":21,"column":887}},"3":{"start":{"line":26,"column":8},"end":{"line":26,"column":1126}},"4":{"start":{"line":27,"column":12},"end":{"line":27,"column":86}},"5":{"start":{"line":43,"column":8},"end":{"line":43,"column":78}},"6":{"start":{"line":44,"column":8},"end":{"line":44,"column":95}},"7":{"start":{"line":45,"column":8},"end":{"line":45,"column":75}}},"branchMap":{"1":{"line":21,"type":"if","locations":[{"start":{"line":21,"column":8},"end":{"line":21,"column":8}},{"start":{"line":21,"column":8},"end":{"line":21,"column":8}}]},"2":{"line":26,"type":"if","locations":[{"start":{"line":26,"column":8},"end":{"line":26,"column":8}},{"start":{"line":26,"column":8},"end":{"line":26,"column":8}}]},"3":{"line":27,"type":"if","locations":[{"start":{"line":27,"column":12},"end":{"line":27,"column":12}},{"start":{"line":27,"column":12},"end":{"line":27,"column":12}}]}}},"contracts/erc1155/lib/RFOXNFTSale1155.sol":{"l":{"18":48,"19":48},"path":"/private/var/www/html/RedFox/miss-universe-github/contracts/erc1155/lib/RFOXNFTSale1155.sol","s":{"1":48,"2":48},"b":{},"f":{"1":48},"fnMap":{"1":{"name":"buyNFTsPublic","line":16,"loc":{"start":{"line":13,"column":2},"end":{"line":20,"column":2}}}},"statementMap":{"1":{"start":{"line":18,"column":6},"end":{"line":18,"column":76}},"2":{"start":{"line":19,"column":6},"end":{"line":19,"column":38}}},"branchMap":{}},"contracts/erc1155/lib/RFOXNFTSignaturePresale1155.sol":{"l":{"17":26,"20":22,"25":20,"26":18,"45":18,"46":17,"48":17,"49":17,"50":17},"path":"/private/var/www/html/RedFox/miss-universe-github/contracts/erc1155/lib/RFOXNFTSignaturePresale1155.sol","s":{"1":26,"2":22,"3":20,"4":18,"5":18,"6":17,"7":17,"8":17,"9":17},"b":{"1":[20,2],"2":[18,2],"3":[17,1],"4":[17,1]},"f":{"1":26,"2":18},"fnMap":{"1":{"name":"_checkPublicSaleRequirement","line":16,"loc":{"start":{"line":16,"column":4},"end":{"line":27,"column":4}}},"2":{"name":"buyNFTsPresale","line":43,"loc":{"start":{"line":39,"column":4},"end":{"line":51,"column":4}}}},"statementMap":{"1":{"start":{"line":17,"column":7},"end":{"line":17,"column":56}},"2":{"start":{"line":20,"column":8},"end":{"line":20,"column":756}},"3":{"start":{"line":25,"column":8},"end":{"line":25,"column":995}},"4":{"start":{"line":26,"column":12},"end":{"line":26,"column":86}},"5":{"start":{"line":45,"column":8},"end":{"line":45,"column":125}},"6":{"start":{"line":46,"column":8},"end":{"line":46,"column":38}},"7":{"start":{"line":48,"column":8},"end":{"line":48,"column":78}},"8":{"start":{"line":49,"column":8},"end":{"line":49,"column":95}},"9":{"start":{"line":50,"column":8},"end":{"line":50,"column":75}}},"branchMap":{"1":{"line":20,"type":"if","locations":[{"start":{"line":20,"column":8},"end":{"line":20,"column":8}},{"start":{"line":20,"column":8},"end":{"line":20,"column":8}}]},"2":{"line":25,"type":"if","locations":[{"start":{"line":25,"column":8},"end":{"line":25,"column":8}},{"start":{"line":25,"column":8},"end":{"line":25,"column":8}}]},"3":{"line":26,"type":"if","locations":[{"start":{"line":26,"column":12},"end":{"line":26,"column":12}},{"start":{"line":26,"column":12},"end":{"line":26,"column":12}}]},"4":{"line":45,"type":"if","locations":[{"start":{"line":45,"column":8},"end":{"line":45,"column":8}},{"start":{"line":45,"column":8},"end":{"line":45,"column":8}}]}}},"contracts/erc1155/lib/RFOXNFTSignatureSale1155.sol":{"l":{"20":75,"21":72,"31":72,"32":70,"33":70,"42":122,"43":120,"44":120,"45":120,"57":54,"59":50,"60":50,"61":50},"path":"/private/var/www/html/RedFox/miss-universe-github/contracts/erc1155/lib/RFOXNFTSignatureSale1155.sol","s":{"1":75,"2":72,"3":70,"4":70,"5":122,"6":120,"7":120,"8":120,"9":54,"10":50,"11":50,"12":50},"b":{"1":[72,3],"2":[70,2],"3":[120,2],"4":[50,4]},"f":{"1":75,"2":72,"3":122,"4":54},"fnMap":{"1":{"name":"checkUsedSignature","line":19,"loc":{"start":{"line":19,"column":2},"end":{"line":22,"column":2}}},"2":{"name":"_isValidSignature","line":30,"loc":{"start":{"line":30,"column":2},"end":{"line":34,"column":2}}},"3":{"name":"changeAuthorizedSignerAddress","line":41,"loc":{"start":{"line":41,"column":2},"end":{"line":46,"column":2}}},"4":{"name":"buyNFTsPublic","line":56,"loc":{"start":{"line":56,"column":2},"end":{"line":62,"column":2}}}},"statementMap":{"1":{"start":{"line":20,"column":4},"end":{"line":20,"column":64}},"2":{"start":{"line":31,"column":4},"end":{"line":31,"column":72}},"3":{"start":{"line":32,"column":4},"end":{"line":32,"column":54}},"4":{"start":{"line":33,"column":4},"end":{"line":33,"column":67}},"5":{"start":{"line":42,"column":4},"end":{"line":42,"column":59}},"6":{"start":{"line":43,"column":4},"end":{"line":43,"column":54}},"7":{"start":{"line":44,"column":4},"end":{"line":44,"column":42}},"8":{"start":{"line":45,"column":4},"end":{"line":45,"column":77}},"9":{"start":{"line":57,"column":4},"end":{"line":57,"column":121}},"10":{"start":{"line":59,"column":4},"end":{"line":59,"column":34}},"11":{"start":{"line":60,"column":4},"end":{"line":60,"column":74}},"12":{"start":{"line":61,"column":4},"end":{"line":61,"column":36}}},"branchMap":{"1":{"line":20,"type":"if","locations":[{"start":{"line":20,"column":4},"end":{"line":20,"column":4}},{"start":{"line":20,"column":4},"end":{"line":20,"column":4}}]},"2":{"line":31,"type":"if","locations":[{"start":{"line":31,"column":4},"end":{"line":31,"column":4}},{"start":{"line":31,"column":4},"end":{"line":31,"column":4}}]},"3":{"line":42,"type":"if","locations":[{"start":{"line":42,"column":4},"end":{"line":42,"column":4}},{"start":{"line":42,"column":4},"end":{"line":42,"column":4}}]},"4":{"line":57,"type":"if","locations":[{"start":{"line":57,"column":4},"end":{"line":57,"column":4}},{"start":{"line":57,"column":4},"end":{"line":57,"column":4}}]}}},"contracts/erc1155/RFOXNFTStandard1155.sol":{"l":{"20":90,"22":89,"33":47},"path":"/private/var/www/html/RedFox/miss-universe-github/contracts/erc1155/RFOXNFTStandard1155.sol","s":{"1":90,"2":89,"3":47},"b":{"1":[89,1]},"f":{"1":90,"2":47},"fnMap":{"1":{"name":"initialize","line":19,"loc":{"start":{"line":19,"column":4},"end":{"line":28,"column":4}}},"2":{"name":"updateTokenSettings","line":32,"loc":{"start":{"line":30,"column":4},"end":{"line":34,"column":4}}}},"statementMap":{"1":{"start":{"line":20,"column":8},"end":{"line":20,"column":59}},"2":{"start":{"line":22,"column":8},"end":{"line":22,"column":629}},"3":{"start":{"line":33,"column":8},"end":{"line":33,"column":38}}},"branchMap":{"1":{"line":20,"type":"if","locations":[{"start":{"line":20,"column":8},"end":{"line":20,"column":8}},{"start":{"line":20,"column":8},"end":{"line":20,"column":8}}]}}},"contracts/erc1155/RFOXNFTStandardBotPrevention1155.sol":{"l":{"20":51,"22":50,"33":54},"path":"/private/var/www/html/RedFox/miss-universe-github/contracts/erc1155/RFOXNFTStandardBotPrevention1155.sol","s":{"1":51,"2":50,"3":54},"b":{"1":[50,1]},"f":{"1":51,"2":54},"fnMap":{"1":{"name":"initialize","line":19,"loc":{"start":{"line":19,"column":4},"end":{"line":28,"column":4}}},"2":{"name":"updateTokenSettings","line":32,"loc":{"start":{"line":30,"column":4},"end":{"line":34,"column":4}}}},"statementMap":{"1":{"start":{"line":20,"column":8},"end":{"line":20,"column":59}},"2":{"start":{"line":22,"column":8},"end":{"line":22,"column":660}},"3":{"start":{"line":33,"column":8},"end":{"line":33,"column":38}}},"branchMap":{"1":{"line":20,"type":"if","locations":[{"start":{"line":20,"column":8},"end":{"line":20,"column":8}},{"start":{"line":20,"column":8},"end":{"line":20,"column":8}}]}}},"contracts/erc1155/RFOXNFTWhitelist1155.sol":{"l":{"22":68,"24":67,"36":72,"41":71,"42":68},"path":"/private/var/www/html/RedFox/miss-universe-github/contracts/erc1155/RFOXNFTWhitelist1155.sol","s":{"1":68,"2":67,"3":72,"4":71,"5":68},"b":{"1":[67,1],"2":[71,1]},"f":{"1":68,"2":72},"fnMap":{"1":{"name":"initialize","line":21,"loc":{"start":{"line":21,"column":4},"end":{"line":30,"column":4}}},"2":{"name":"updateTokenSettings","line":35,"loc":{"start":{"line":32,"column":4},"end":{"line":43,"column":4}}}},"statementMap":{"1":{"start":{"line":22,"column":8},"end":{"line":22,"column":59}},"2":{"start":{"line":24,"column":8},"end":{"line":24,"column":731}},"3":{"start":{"line":36,"column":8},"end":{"line":36,"column":1064}},"4":{"start":{"line":41,"column":8},"end":{"line":41,"column":38}},"5":{"start":{"line":42,"column":8},"end":{"line":42,"column":69}}},"branchMap":{"1":{"line":22,"type":"if","locations":[{"start":{"line":22,"column":8},"end":{"line":22,"column":8}},{"start":{"line":22,"column":8},"end":{"line":22,"column":8}}]},"2":{"line":36,"type":"if","locations":[{"start":{"line":36,"column":8},"end":{"line":36,"column":8}},{"start":{"line":36,"column":8},"end":{"line":36,"column":8}}]}}},"contracts/erc1155/RFOXNFTWhitelistBotPrevention1155.sol":{"l":{"22":73,"24":72,"36":79,"41":78,"42":75},"path":"/private/var/www/html/RedFox/miss-universe-github/contracts/erc1155/RFOXNFTWhitelistBotPrevention1155.sol","s":{"1":73,"2":72,"3":79,"4":78,"5":75},"b":{"1":[72,1],"2":[78,1]},"f":{"1":73,"2":79},"fnMap":{"1":{"name":"initialize","line":21,"loc":{"start":{"line":21,"column":4},"end":{"line":30,"column":4}}},"2":{"name":"updateTokenSettings","line":35,"loc":{"start":{"line":32,"column":4},"end":{"line":43,"column":4}}}},"statementMap":{"1":{"start":{"line":22,"column":8},"end":{"line":22,"column":59}},"2":{"start":{"line":24,"column":8},"end":{"line":24,"column":762}},"3":{"start":{"line":36,"column":8},"end":{"line":36,"column":1095}},"4":{"start":{"line":41,"column":8},"end":{"line":41,"column":38}},"5":{"start":{"line":42,"column":8},"end":{"line":42,"column":69}}},"branchMap":{"1":{"line":22,"type":"if","locations":[{"start":{"line":22,"column":8},"end":{"line":22,"column":8}},{"start":{"line":22,"column":8},"end":{"line":22,"column":8}}]},"2":{"line":36,"type":"if","locations":[{"start":{"line":36,"column":8},"end":{"line":36,"column":8}},{"start":{"line":36,"column":8},"end":{"line":36,"column":8}}]}}},"contracts/erc1155/structs/ParamStructs1155.sol":{"l":{},"path":"/private/var/www/html/RedFox/miss-universe-github/contracts/erc1155/structs/ParamStructs1155.sol","s":{},"b":{},"f":{},"fnMap":{},"statementMap":{},"branchMap":{}},"contracts/erc1155/structs/TokenStructs.sol":{"l":{},"path":"/private/var/www/html/RedFox/miss-universe-github/contracts/erc1155/structs/TokenStructs.sol","s":{},"b":{},"f":{},"fnMap":{},"statementMap":{},"branchMap":{}},"contracts/erc721/factory/RFOXFactoryStandard.sol":{"l":{"14":77,"15":77,"16":77,"20":77,"24":77,"26":75,"28":75,"30":75},"path":"/private/var/www/html/RedFox/miss-universe-github/contracts/erc721/factory/RFOXFactoryStandard.sol","s":{"1":77,"2":77,"3":77,"4":77,"5":75,"6":75,"7":75},"b":{},"f":{"1":77},"fnMap":{"1":{"name":"createNFT","line":13,"loc":{"start":{"line":13,"column":4},"end":{"line":31,"column":4}}}},"statementMap":{"1":{"start":{"line":14,"column":8},"end":{"line":14,"column":59}},"2":{"start":{"line":15,"column":8},"end":{"line":15,"column":66}},"3":{"start":{"line":16,"column":8},"end":{"line":16,"column":566}},"4":{"start":{"line":24,"column":8},"end":{"line":24,"column":49}},"5":{"start":{"line":26,"column":8},"end":{"line":26,"column":36}},"6":{"start":{"line":28,"column":8},"end":{"line":28,"column":39}},"7":{"start":{"line":30,"column":8},"end":{"line":30,"column":30}}},"branchMap":{}},"contracts/erc721/factory/RFOXFactoryStandardBotPrevention.sol":{"l":{"14":82,"15":82,"16":82,"20":82,"24":82,"26":80,"28":80,"30":80},"path":"/private/var/www/html/RedFox/miss-universe-github/contracts/erc721/factory/RFOXFactoryStandardBotPrevention.sol","s":{"1":82,"2":82,"3":82,"4":82,"5":80,"6":80,"7":80},"b":{},"f":{"1":82},"fnMap":{"1":{"name":"createNFT","line":13,"loc":{"start":{"line":13,"column":4},"end":{"line":31,"column":4}}}},"statementMap":{"1":{"start":{"line":14,"column":8},"end":{"line":14,"column":59}},"2":{"start":{"line":15,"column":8},"end":{"line":15,"column":79}},"3":{"start":{"line":16,"column":8},"end":{"line":16,"column":605}},"4":{"start":{"line":24,"column":8},"end":{"line":24,"column":62}},"5":{"start":{"line":26,"column":8},"end":{"line":26,"column":36}},"6":{"start":{"line":28,"column":8},"end":{"line":28,"column":39}},"7":{"start":{"line":30,"column":8},"end":{"line":30,"column":30}}},"branchMap":{}},"contracts/erc721/factory/RFOXFactoryWhitelist.sol":{"l":{"15":119,"16":119,"17":119,"21":119,"25":119,"27":116,"29":116,"31":116},"path":"/private/var/www/html/RedFox/miss-universe-github/contracts/erc721/factory/RFOXFactoryWhitelist.sol","s":{"1":119,"2":119,"3":119,"4":119,"5":116,"6":116,"7":116},"b":{},"f":{"1":119},"fnMap":{"1":{"name":"createNFT","line":14,"loc":{"start":{"line":14,"column":4},"end":{"line":32,"column":4}}}},"statementMap":{"1":{"start":{"line":15,"column":8},"end":{"line":15,"column":60}},"2":{"start":{"line":16,"column":8},"end":{"line":16,"column":67}},"3":{"start":{"line":17,"column":8},"end":{"line":17,"column":610}},"4":{"start":{"line":25,"column":8},"end":{"line":25,"column":50}},"5":{"start":{"line":27,"column":8},"end":{"line":27,"column":36}},"6":{"start":{"line":29,"column":8},"end":{"line":29,"column":39}},"7":{"start":{"line":31,"column":8},"end":{"line":31,"column":30}}},"branchMap":{}},"contracts/erc721/factory/RFOXFactoryWhitelistBotPrevention.sol":{"l":{"14":100,"15":100,"16":100,"20":100,"24":100,"26":97,"28":97,"30":97},"path":"/private/var/www/html/RedFox/miss-universe-github/contracts/erc721/factory/RFOXFactoryWhitelistBotPrevention.sol","s":{"1":100,"2":100,"3":100,"4":100,"5":97,"6":97,"7":97},"b":{},"f":{"1":100},"fnMap":{"1":{"name":"createNFT","line":13,"loc":{"start":{"line":13,"column":4},"end":{"line":31,"column":4}}}},"statementMap":{"1":{"start":{"line":14,"column":8},"end":{"line":14,"column":60}},"2":{"start":{"line":15,"column":8},"end":{"line":15,"column":80}},"3":{"start":{"line":16,"column":8},"end":{"line":16,"column":611}},"4":{"start":{"line":24,"column":8},"end":{"line":24,"column":63}},"5":{"start":{"line":26,"column":8},"end":{"line":26,"column":36}},"6":{"start":{"line":28,"column":8},"end":{"line":28,"column":39}},"7":{"start":{"line":30,"column":8},"end":{"line":30,"column":30}}},"branchMap":{}},"contracts/erc721/lib/base/BaseRFOXNFT.sol":{"l":{"69":131,"70":125,"79":254,"82":240,"91":84,"95":80,"105":41,"109":39,"113":378,"142":376,"143":372,"145":368,"146":368,"147":368,"148":368,"149":368,"150":368,"151":368,"152":368,"153":368,"154":368,"163":4,"172":4,"182":4,"183":4,"184":4,"188":8,"197":4,"209":8,"210":4,"211":4,"213":4,"229":152,"237":4,"244":4,"260":4,"267":12,"268":12,"269":8,"270":8,"273":8,"275":4,"276":4,"279":8,"293":64,"294":60,"296":60,"297":24,"302":36,"304":32,"311":48,"320":4,"321":4,"322":4},"path":"/private/var/www/html/RedFox/miss-universe-github/contracts/erc721/lib/base/BaseRFOXNFT.sol","s":{"1":131,"2":254,"3":84,"4":41,"5":378,"6":376,"7":372,"8":368,"9":368,"10":368,"11":368,"12":368,"13":368,"14":368,"15":368,"16":368,"17":368,"18":4,"19":4,"20":4,"21":4,"22":4,"23":8,"24":4,"25":8,"26":4,"27":4,"28":4,"29":152,"30":4,"31":4,"32":4,"33":12,"34":12,"35":8,"36":8,"37":8,"38":4,"39":4,"40":8,"41":64,"42":60,"43":60,"44":24,"45":36,"46":32,"47":48,"48":4,"49":4,"50":4},"b":{"1":[125,6],"2":[240,14],"3":[80,4],"4":[39,2],"5":[372,4],"6":[368,4],"7":[4,4],"8":[8,4],"9":[4,4],"10":[60,4],"11":[56,4],"12":[24,36],"13":[16,8],"14":[32,4]},"f":{"1":131,"2":254,"3":84,"4":41,"5":378,"6":376,"7":4,"8":4,"9":4,"10":8,"11":4,"12":8,"13":152,"14":4,"15":4,"16":4,"17":12,"18":64,"19":4},"fnMap":{"1":{"name":"callerIsUser","line":68,"loc":{"start":{"line":68,"column":4},"end":{"line":71,"column":4}}},"2":{"name":"tokenInSupply","line":78,"loc":{"start":{"line":78,"column":4},"end":{"line":83,"column":4}}},"3":{"name":"maxPurchasePerTx","line":90,"loc":{"start":{"line":90,"column":4},"end":{"line":96,"column":4}}},"4":{"name":"authorizePublicSale","line":104,"loc":{"start":{"line":104,"column":4},"end":{"line":110,"column":4}}},"5":{"name":"constructor","line":112,"loc":{"start":{"line":112,"column":4},"end":{"line":114,"column":4}}},"6":{"name":"initializeBase","line":130,"loc":{"start":{"line":130,"column":4},"end":{"line":155,"column":4}}},"7":{"name":"name","line":162,"loc":{"start":{"line":162,"column":4},"end":{"line":164,"column":4}}},"8":{"name":"symbol","line":171,"loc":{"start":{"line":171,"column":4},"end":{"line":173,"column":4}}},"9":{"name":"setBaseURI","line":181,"loc":{"start":{"line":181,"column":4},"end":{"line":185,"column":4}}},"10":{"name":"_baseURI","line":187,"loc":{"start":{"line":187,"column":4},"end":{"line":189,"column":4}}},"11":{"name":"baseURI","line":196,"loc":{"start":{"line":196,"column":4},"end":{"line":198,"column":4}}},"12":{"name":"setMaxTokensPerTransaction","line":207,"loc":{"start":{"line":205,"column":4},"end":{"line":218,"column":4}}},"13":{"name":"safeMint","line":228,"loc":{"start":{"line":228,"column":4},"end":{"line":230,"column":4}}},"14":{"name":"pause","line":236,"loc":{"start":{"line":236,"column":4},"end":{"line":238,"column":4}}},"15":{"name":"unpause","line":243,"loc":{"start":{"line":243,"column":4},"end":{"line":245,"column":4}}},"16":{"name":"tokenURI","line":254,"loc":{"start":{"line":254,"column":4},"end":{"line":261,"column":4}}},"17":{"name":"withdraw","line":266,"loc":{"start":{"line":266,"column":4},"end":{"line":280,"column":4}}},"18":{"name":"_buyNFTs","line":292,"loc":{"start":{"line":292,"column":4},"end":{"line":312,"column":4}}},"19":{"name":"setTokenPrice","line":319,"loc":{"start":{"line":319,"column":4},"end":{"line":323,"column":4}}}},"statementMap":{"1":{"start":{"line":69,"column":8},"end":{"line":69,"column":61}},"2":{"start":{"line":79,"column":8},"end":{"line":79,"column":2370}},"3":{"start":{"line":91,"column":6},"end":{"line":91,"column":2688}},"4":{"start":{"line":105,"column":8},"end":{"line":105,"column":3128}},"5":{"start":{"line":113,"column":8},"end":{"line":113,"column":41}},"6":{"start":{"line":142,"column":8},"end":{"line":142,"column":56}},"7":{"start":{"line":143,"column":8},"end":{"line":143,"column":77}},"8":{"start":{"line":145,"column":8},"end":{"line":145,"column":20}},"9":{"start":{"line":146,"column":8},"end":{"line":146,"column":24}},"10":{"start":{"line":147,"column":8},"end":{"line":147,"column":32}},"11":{"start":{"line":148,"column":8},"end":{"line":148,"column":24}},"12":{"start":{"line":149,"column":8},"end":{"line":149,"column":26}},"13":{"start":{"line":150,"column":8},"end":{"line":150,"column":23}},"14":{"start":{"line":151,"column":8},"end":{"line":151,"column":57}},"15":{"start":{"line":152,"column":8},"end":{"line":152,"column":37}},"16":{"start":{"line":153,"column":8},"end":{"line":153,"column":33}},"17":{"start":{"line":154,"column":8},"end":{"line":154,"column":35}},"18":{"start":{"line":163,"column":8},"end":{"line":163,"column":20}},"19":{"start":{"line":172,"column":8},"end":{"line":172,"column":22}},"20":{"start":{"line":182,"column":8},"end":{"line":182,"column":46}},"21":{"start":{"line":183,"column":8},"end":{"line":183,"column":40}},"22":{"start":{"line":184,"column":8},"end":{"line":184,"column":59}},"23":{"start":{"line":188,"column":8},"end":{"line":188,"column":29}},"24":{"start":{"line":197,"column":8},"end":{"line":197,"column":25}},"25":{"start":{"line":209,"column":8},"end":{"line":209,"column":68}},"26":{"start":{"line":210,"column":8},"end":{"line":210,"column":69}},"27":{"start":{"line":211,"column":8},"end":{"line":211,"column":59}},"28":{"start":{"line":213,"column":8},"end":{"line":213,"column":6554}},"29":{"start":{"line":229,"column":8},"end":{"line":229,"column":23}},"30":{"start":{"line":237,"column":8},"end":{"line":237,"column":15}},"31":{"start":{"line":244,"column":8},"end":{"line":244,"column":17}},"32":{"start":{"line":260,"column":8},"end":{"line":260,"column":38}},"33":{"start":{"line":267,"column":8},"end":{"line":267,"column":23}},"34":{"start":{"line":268,"column":8},"end":{"line":268,"column":7764}},"35":{"start":{"line":269,"column":12},"end":{"line":269,"column":42}},"36":{"start":{"line":270,"column":12},"end":{"line":270,"column":7866}},"37":{"start":{"line":273,"column":12},"end":{"line":273,"column":55}},"38":{"start":{"line":275,"column":12},"end":{"line":275,"column":55}},"39":{"start":{"line":276,"column":12},"end":{"line":276,"column":54}},"40":{"start":{"line":279,"column":8},"end":{"line":279,"column":62}},"41":{"start":{"line":293,"column":8},"end":{"line":293,"column":8725}},"42":{"start":{"line":294,"column":12},"end":{"line":294,"column":76}},"43":{"start":{"line":296,"column":8},"end":{"line":296,"column":8765}},"44":{"start":{"line":297,"column":12},"end":{"line":297,"column":8821}},"45":{"start":{"line":302,"column":12},"end":{"line":302,"column":53}},"46":{"start":{"line":304,"column":12},"end":{"line":304,"column":9036}},"47":{"start":{"line":311,"column":8},"end":{"line":311,"column":42}},"48":{"start":{"line":320,"column":8},"end":{"line":320,"column":43}},"49":{"start":{"line":321,"column":8},"end":{"line":321,"column":34}},"50":{"start":{"line":322,"column":8},"end":{"line":322,"column":69}}},"branchMap":{"1":{"line":69,"type":"if","locations":[{"start":{"line":69,"column":8},"end":{"line":69,"column":8}},{"start":{"line":69,"column":8},"end":{"line":69,"column":8}}]},"2":{"line":79,"type":"if","locations":[{"start":{"line":79,"column":8},"end":{"line":79,"column":8}},{"start":{"line":79,"column":8},"end":{"line":79,"column":8}}]},"3":{"line":91,"type":"if","locations":[{"start":{"line":91,"column":6},"end":{"line":91,"column":6}},{"start":{"line":91,"column":6},"end":{"line":91,"column":6}}]},"4":{"line":105,"type":"if","locations":[{"start":{"line":105,"column":8},"end":{"line":105,"column":8}},{"start":{"line":105,"column":8},"end":{"line":105,"column":8}}]},"5":{"line":142,"type":"if","locations":[{"start":{"line":142,"column":8},"end":{"line":142,"column":8}},{"start":{"line":142,"column":8},"end":{"line":142,"column":8}}]},"6":{"line":143,"type":"if","locations":[{"start":{"line":143,"column":8},"end":{"line":143,"column":8}},{"start":{"line":143,"column":8},"end":{"line":143,"column":8}}]},"7":{"line":209,"type":"if","locations":[{"start":{"line":209,"column":8},"end":{"line":209,"column":8}},{"start":{"line":209,"column":8},"end":{"line":209,"column":8}}]},"8":{"line":268,"type":"if","locations":[{"start":{"line":268,"column":8},"end":{"line":268,"column":8}},{"start":{"line":268,"column":8},"end":{"line":268,"column":8}}]},"9":{"line":273,"type":"if","locations":[{"start":{"line":273,"column":12},"end":{"line":273,"column":12}},{"start":{"line":273,"column":12},"end":{"line":273,"column":12}}]},"10":{"line":293,"type":"if","locations":[{"start":{"line":293,"column":8},"end":{"line":293,"column":8}},{"start":{"line":293,"column":8},"end":{"line":293,"column":8}}]},"11":{"line":294,"type":"if","locations":[{"start":{"line":294,"column":12},"end":{"line":294,"column":12}},{"start":{"line":294,"column":12},"end":{"line":294,"column":12}}]},"12":{"line":296,"type":"if","locations":[{"start":{"line":296,"column":8},"end":{"line":296,"column":8}},{"start":{"line":296,"column":8},"end":{"line":296,"column":8}}]},"13":{"line":297,"type":"if","locations":[{"start":{"line":297,"column":12},"end":{"line":297,"column":12}},{"start":{"line":297,"column":12},"end":{"line":297,"column":12}}]},"14":{"line":302,"type":"if","locations":[{"start":{"line":302,"column":12},"end":{"line":302,"column":12}},{"start":{"line":302,"column":12},"end":{"line":302,"column":12}}]}}},"contracts/erc721/lib/base/BaseRFOXNFTPresale.sol":{"l":{"54":8,"55":6,"62":4,"63":2,"76":38,"77":34,"82":4,"88":28,"101":24,"102":18,"104":18,"105":16,"107":16,"108":6,"113":10,"115":8,"122":12,"131":14,"132":12,"133":12,"135":12,"142":2,"143":2,"150":6,"151":6,"161":26,"162":26,"163":26,"174":94,"190":94,"191":94,"200":2,"201":2,"202":2},"path":"/private/var/www/html/RedFox/miss-universe-github/contracts/erc721/lib/base/BaseRFOXNFTPresale.sol","s":{"1":8,"2":4,"3":38,"4":34,"5":4,"6":24,"7":18,"8":18,"9":16,"10":16,"11":6,"12":10,"13":8,"14":12,"15":14,"16":12,"17":12,"18":12,"19":2,"20":2,"21":6,"22":6,"23":26,"24":26,"25":26,"26":94,"27":94,"28":94,"29":2,"30":2,"31":2},"b":{"1":[6,2],"2":[2,2],"3":[34,4],"4":[26,8],"5":[2,2],"6":[18,6],"7":[16,2],"8":[14,2],"9":[6,10],"10":[4,2],"11":[8,2],"12":[12,2]},"f":{"1":8,"2":4,"3":38,"4":24,"5":14,"6":2,"7":6,"8":26,"9":94,"10":94,"11":2},"fnMap":{"1":{"name":"whenWhitelistActivated","line":53,"loc":{"start":{"line":53,"column":4},"end":{"line":56,"column":4}}},"2":{"name":"whenWhitelistDeactivated","line":61,"loc":{"start":{"line":61,"column":4},"end":{"line":64,"column":4}}},"3":{"name":"authorizePresale","line":75,"loc":{"start":{"line":75,"column":4},"end":{"line":89,"column":4}}},"4":{"name":"_buyNFTsPresale","line":100,"loc":{"start":{"line":100,"column":4},"end":{"line":123,"column":4}}},"5":{"name":"updateMaxMintedPresalePerAddress","line":130,"loc":{"start":{"line":130,"column":4},"end":{"line":136,"column":4}}},"6":{"name":"activateWhitelist","line":141,"loc":{"start":{"line":141,"column":4},"end":{"line":144,"column":4}}},"7":{"name":"deactivateWhitelist","line":149,"loc":{"start":{"line":149,"column":4},"end":{"line":152,"column":4}}},"8":{"name":"updateMerkleRoot","line":160,"loc":{"start":{"line":160,"column":4},"end":{"line":164,"column":4}}},"9":{"name":"_leaf","line":173,"loc":{"start":{"line":173,"column":4},"end":{"line":175,"column":4}}},"10":{"name":"checkWhitelisted","line":185,"loc":{"start":{"line":185,"column":4},"end":{"line":192,"column":4}}},"11":{"name":"setTokenPricePresale","line":199,"loc":{"start":{"line":199,"column":4},"end":{"line":203,"column":4}}}},"statementMap":{"1":{"start":{"line":54,"column":8},"end":{"line":54,"column":63}},"2":{"start":{"line":62,"column":8},"end":{"line":62,"column":60}},"3":{"start":{"line":76,"column":8},"end":{"line":76,"column":2482}},"4":{"start":{"line":77,"column":12},"end":{"line":77,"column":2526}},"5":{"start":{"line":82,"column":12},"end":{"line":82,"column":2721}},"6":{"start":{"line":101,"column":8},"end":{"line":101,"column":124}},"7":{"start":{"line":102,"column":8},"end":{"line":102,"column":108}},"8":{"start":{"line":104,"column":8},"end":{"line":104,"column":3681}},"9":{"start":{"line":105,"column":12},"end":{"line":105,"column":76}},"10":{"start":{"line":107,"column":8},"end":{"line":107,"column":3721}},"11":{"start":{"line":108,"column":12},"end":{"line":108,"column":3777}},"12":{"start":{"line":113,"column":12},"end":{"line":113,"column":53}},"13":{"start":{"line":115,"column":12},"end":{"line":115,"column":4000}},"14":{"start":{"line":122,"column":8},"end":{"line":122,"column":42}},"15":{"start":{"line":131,"column":8},"end":{"line":131,"column":86}},"16":{"start":{"line":132,"column":8},"end":{"line":132,"column":74}},"17":{"start":{"line":133,"column":8},"end":{"line":133,"column":63}},"18":{"start":{"line":135,"column":8},"end":{"line":135,"column":110}},"19":{"start":{"line":142,"column":8},"end":{"line":142,"column":34}},"20":{"start":{"line":143,"column":8},"end":{"line":143,"column":42}},"21":{"start":{"line":150,"column":8},"end":{"line":150,"column":35}},"22":{"start":{"line":151,"column":8},"end":{"line":151,"column":44}},"23":{"start":{"line":161,"column":8},"end":{"line":161,"column":42}},"24":{"start":{"line":162,"column":8},"end":{"line":162,"column":31}},"25":{"start":{"line":163,"column":8},"end":{"line":163,"column":68}},"26":{"start":{"line":174,"column":8},"end":{"line":174,"column":51}},"27":{"start":{"line":190,"column":8},"end":{"line":190,"column":37}},"28":{"start":{"line":191,"column":8},"end":{"line":191,"column":58}},"29":{"start":{"line":200,"column":8},"end":{"line":200,"column":58}},"30":{"start":{"line":201,"column":8},"end":{"line":201,"column":49}},"31":{"start":{"line":202,"column":8},"end":{"line":202,"column":91}}},"branchMap":{"1":{"line":54,"type":"if","locations":[{"start":{"line":54,"column":8},"end":{"line":54,"column":8}},{"start":{"line":54,"column":8},"end":{"line":54,"column":8}}]},"2":{"line":62,"type":"if","locations":[{"start":{"line":62,"column":8},"end":{"line":62,"column":8}},{"start":{"line":62,"column":8},"end":{"line":62,"column":8}}]},"3":{"line":76,"type":"if","locations":[{"start":{"line":76,"column":8},"end":{"line":76,"column":8}},{"start":{"line":76,"column":8},"end":{"line":76,"column":8}}]},"4":{"line":77,"type":"if","locations":[{"start":{"line":77,"column":12},"end":{"line":77,"column":12}},{"start":{"line":77,"column":12},"end":{"line":77,"column":12}}]},"5":{"line":82,"type":"if","locations":[{"start":{"line":82,"column":12},"end":{"line":82,"column":12}},{"start":{"line":82,"column":12},"end":{"line":82,"column":12}}]},"6":{"line":101,"type":"if","locations":[{"start":{"line":101,"column":8},"end":{"line":101,"column":8}},{"start":{"line":101,"column":8},"end":{"line":101,"column":8}}]},"7":{"line":104,"type":"if","locations":[{"start":{"line":104,"column":8},"end":{"line":104,"column":8}},{"start":{"line":104,"column":8},"end":{"line":104,"column":8}}]},"8":{"line":105,"type":"if","locations":[{"start":{"line":105,"column":12},"end":{"line":105,"column":12}},{"start":{"line":105,"column":12},"end":{"line":105,"column":12}}]},"9":{"line":107,"type":"if","locations":[{"start":{"line":107,"column":8},"end":{"line":107,"column":8}},{"start":{"line":107,"column":8},"end":{"line":107,"column":8}}]},"10":{"line":108,"type":"if","locations":[{"start":{"line":108,"column":12},"end":{"line":108,"column":12}},{"start":{"line":108,"column":12},"end":{"line":108,"column":12}}]},"11":{"line":113,"type":"if","locations":[{"start":{"line":113,"column":12},"end":{"line":113,"column":12}},{"start":{"line":113,"column":12},"end":{"line":113,"column":12}}]},"12":{"line":131,"type":"if","locations":[{"start":{"line":131,"column":8},"end":{"line":131,"column":8}},{"start":{"line":131,"column":8},"end":{"line":131,"column":8}}]}}},"contracts/erc721/lib/RFOXNFTPresale.sol":{"l":{"17":20,"21":18,"38":13},"path":"/private/var/www/html/RedFox/miss-universe-github/contracts/erc721/lib/RFOXNFTPresale.sol","s":{"1":20,"2":13},"b":{"1":[18,2]},"f":{"1":20,"2":13},"fnMap":{"1":{"name":"authorizePublicSale","line":16,"loc":{"start":{"line":16,"column":4},"end":{"line":22,"column":4}}},"2":{"name":"buyNFTsPresale","line":36,"loc":{"start":{"line":31,"column":4},"end":{"line":39,"column":4}}}},"statementMap":{"1":{"start":{"line":17,"column":8},"end":{"line":17,"column":706}},"2":{"start":{"line":38,"column":8},"end":{"line":38,"column":36}}},"branchMap":{"1":{"line":17,"type":"if","locations":[{"start":{"line":17,"column":8},"end":{"line":17,"column":8}},{"start":{"line":17,"column":8},"end":{"line":17,"column":8}}]}}},"contracts/erc721/lib/RFOXNFTSale.sol":{"l":{"20":35},"path":"/private/var/www/html/RedFox/miss-universe-github/contracts/erc721/lib/RFOXNFTSale.sol","s":{"1":35},"b":{},"f":{"1":35},"fnMap":{"1":{"name":"buyNFTsPublic","line":18,"loc":{"start":{"line":12,"column":2},"end":{"line":21,"column":2}}}},"statementMap":{"1":{"start":{"line":20,"column":6},"end":{"line":20,"column":27}}},"branchMap":{}},"contracts/erc721/lib/RFOXNFTSignaturePresale.sol":{"l":{"17":24,"21":22,"42":14,"44":13,"46":13},"path":"/private/var/www/html/RedFox/miss-universe-github/contracts/erc721/lib/RFOXNFTSignaturePresale.sol","s":{"1":24,"2":14,"3":13,"4":13},"b":{"1":[22,2],"2":[13,1]},"f":{"1":24,"2":14},"fnMap":{"1":{"name":"authorizePublicSale","line":16,"loc":{"start":{"line":16,"column":4},"end":{"line":22,"column":4}}},"2":{"name":"buyNFTsPresale","line":40,"loc":{"start":{"line":34,"column":4},"end":{"line":47,"column":4}}}},"statementMap":{"1":{"start":{"line":17,"column":8},"end":{"line":17,"column":733}},"2":{"start":{"line":42,"column":8},"end":{"line":42,"column":125}},"3":{"start":{"line":44,"column":8},"end":{"line":44,"column":38}},"4":{"start":{"line":46,"column":8},"end":{"line":46,"column":36}}},"branchMap":{"1":{"line":17,"type":"if","locations":[{"start":{"line":17,"column":8},"end":{"line":17,"column":8}},{"start":{"line":17,"column":8},"end":{"line":17,"column":8}}]},"2":{"line":42,"type":"if","locations":[{"start":{"line":42,"column":8},"end":{"line":42,"column":8}},{"start":{"line":42,"column":8},"end":{"line":42,"column":8}}]}}},"contracts/erc721/lib/RFOXNFTSignatureSale.sol":{"l":{"20":57,"21":54,"31":54,"32":53,"33":53,"42":164,"43":162,"44":162,"45":162,"56":40,"58":37,"60":37},"path":"/private/var/www/html/RedFox/miss-universe-github/contracts/erc721/lib/RFOXNFTSignatureSale.sol","s":{"1":57,"2":54,"3":53,"4":53,"5":164,"6":162,"7":162,"8":162,"9":40,"10":37,"11":37},"b":{"1":[54,3],"2":[53,1],"3":[162,2],"4":[37,3]},"f":{"1":57,"2":54,"3":164,"4":40},"fnMap":{"1":{"name":"checkUsedSignature","line":19,"loc":{"start":{"line":19,"column":2},"end":{"line":22,"column":2}}},"2":{"name":"_isValidSignature","line":30,"loc":{"start":{"line":30,"column":2},"end":{"line":34,"column":2}}},"3":{"name":"changeAuthorizedSignerAddress","line":41,"loc":{"start":{"line":41,"column":2},"end":{"line":46,"column":2}}},"4":{"name":"buyNFTsPublic","line":55,"loc":{"start":{"line":55,"column":2},"end":{"line":61,"column":2}}}},"statementMap":{"1":{"start":{"line":20,"column":4},"end":{"line":20,"column":64}},"2":{"start":{"line":31,"column":4},"end":{"line":31,"column":72}},"3":{"start":{"line":32,"column":4},"end":{"line":32,"column":54}},"4":{"start":{"line":33,"column":4},"end":{"line":33,"column":67}},"5":{"start":{"line":42,"column":4},"end":{"line":42,"column":59}},"6":{"start":{"line":43,"column":4},"end":{"line":43,"column":54}},"7":{"start":{"line":44,"column":4},"end":{"line":44,"column":42}},"8":{"start":{"line":45,"column":4},"end":{"line":45,"column":77}},"9":{"start":{"line":56,"column":4},"end":{"line":56,"column":121}},"10":{"start":{"line":58,"column":4},"end":{"line":58,"column":34}},"11":{"start":{"line":60,"column":4},"end":{"line":60,"column":25}}},"branchMap":{"1":{"line":20,"type":"if","locations":[{"start":{"line":20,"column":4},"end":{"line":20,"column":4}},{"start":{"line":20,"column":4},"end":{"line":20,"column":4}}]},"2":{"line":31,"type":"if","locations":[{"start":{"line":31,"column":4},"end":{"line":31,"column":4}},{"start":{"line":31,"column":4},"end":{"line":31,"column":4}}]},"3":{"line":42,"type":"if","locations":[{"start":{"line":42,"column":4},"end":{"line":42,"column":4}},{"start":{"line":42,"column":4},"end":{"line":42,"column":4}}]},"4":{"line":56,"type":"if","locations":[{"start":{"line":56,"column":4},"end":{"line":56,"column":4}},{"start":{"line":56,"column":4},"end":{"line":56,"column":4}}]}}},"contracts/erc721/RFOXNFTStandard.sol":{"l":{"20":78,"22":77},"path":"/private/var/www/html/RedFox/miss-universe-github/contracts/erc721/RFOXNFTStandard.sol","s":{"1":78,"2":77},"b":{"1":[77,1]},"f":{"1":78},"fnMap":{"1":{"name":"initialize","line":19,"loc":{"start":{"line":19,"column":4},"end":{"line":34,"column":4}}}},"statementMap":{"1":{"start":{"line":20,"column":8},"end":{"line":20,"column":59}},"2":{"start":{"line":22,"column":8},"end":{"line":22,"column":609}}},"branchMap":{"1":{"line":20,"type":"if","locations":[{"start":{"line":20,"column":8},"end":{"line":20,"column":8}},{"start":{"line":20,"column":8},"end":{"line":20,"column":8}}]}}},"contracts/erc721/RFOXNFTStandardBotPrevention.sol":{"l":{"20":83,"22":82},"path":"/private/var/www/html/RedFox/miss-universe-github/contracts/erc721/RFOXNFTStandardBotPrevention.sol","s":{"1":83,"2":82},"b":{"1":[82,1]},"f":{"1":83},"fnMap":{"1":{"name":"initialize","line":19,"loc":{"start":{"line":19,"column":4},"end":{"line":34,"column":4}}}},"statementMap":{"1":{"start":{"line":20,"column":8},"end":{"line":20,"column":59}},"2":{"start":{"line":22,"column":8},"end":{"line":22,"column":657}}},"branchMap":{"1":{"line":20,"type":"if","locations":[{"start":{"line":20,"column":8},"end":{"line":20,"column":8}},{"start":{"line":20,"column":8},"end":{"line":20,"column":8}}]}}},"contracts/erc721/RFOXNFTWhitelist.sol":{"l":{"22":120,"23":119,"28":118,"29":118,"30":118,"31":118,"33":118},"path":"/private/var/www/html/RedFox/miss-universe-github/contracts/erc721/RFOXNFTWhitelist.sol","s":{"1":120,"2":119,"3":118,"4":118,"5":118,"6":118,"7":118},"b":{"1":[119,1],"2":[118,1]},"f":{"1":120},"fnMap":{"1":{"name":"initialize","line":21,"loc":{"start":{"line":21,"column":4},"end":{"line":45,"column":4}}}},"statementMap":{"1":{"start":{"line":22,"column":8},"end":{"line":22,"column":59}},"2":{"start":{"line":23,"column":8},"end":{"line":23,"column":711}},"3":{"start":{"line":28,"column":8},"end":{"line":28,"column":55}},"4":{"start":{"line":29,"column":8},"end":{"line":29,"column":34}},"5":{"start":{"line":30,"column":8},"end":{"line":30,"column":69}},"6":{"start":{"line":31,"column":8},"end":{"line":31,"column":48}},"7":{"start":{"line":33,"column":8},"end":{"line":33,"column":1062}}},"branchMap":{"1":{"line":22,"type":"if","locations":[{"start":{"line":22,"column":8},"end":{"line":22,"column":8}},{"start":{"line":22,"column":8},"end":{"line":22,"column":8}}]},"2":{"line":23,"type":"if","locations":[{"start":{"line":23,"column":8},"end":{"line":23,"column":8}},{"start":{"line":23,"column":8},"end":{"line":23,"column":8}}]}}},"contracts/erc721/RFOXNFTWhitelistBotPrevention.sol":{"l":{"20":101,"21":100,"26":99,"27":99,"28":99,"29":99,"31":99},"path":"/private/var/www/html/RedFox/miss-universe-github/contracts/erc721/RFOXNFTWhitelistBotPrevention.sol","s":{"1":101,"2":100,"3":99,"4":99,"5":99,"6":99,"7":99},"b":{"1":[100,1],"2":[99,1]},"f":{"1":101},"fnMap":{"1":{"name":"initialize","line":19,"loc":{"start":{"line":19,"column":4},"end":{"line":43,"column":4}}}},"statementMap":{"1":{"start":{"line":20,"column":8},"end":{"line":20,"column":59}},"2":{"start":{"line":21,"column":8},"end":{"line":21,"column":669}},"3":{"start":{"line":26,"column":8},"end":{"line":26,"column":55}},"4":{"start":{"line":27,"column":8},"end":{"line":27,"column":34}},"5":{"start":{"line":28,"column":8},"end":{"line":28,"column":69}},"6":{"start":{"line":29,"column":8},"end":{"line":29,"column":48}},"7":{"start":{"line":31,"column":8},"end":{"line":31,"column":1020}}},"branchMap":{"1":{"line":20,"type":"if","locations":[{"start":{"line":20,"column":8},"end":{"line":20,"column":8}},{"start":{"line":20,"column":8},"end":{"line":20,"column":8}}]},"2":{"line":21,"type":"if","locations":[{"start":{"line":21,"column":8},"end":{"line":21,"column":8}},{"start":{"line":21,"column":8},"end":{"line":21,"column":8}}]}}},"contracts/erc721/structs/ParamStructs.sol":{"l":{},"path":"/private/var/www/html/RedFox/miss-universe-github/contracts/erc721/structs/ParamStructs.sol","s":{},"b":{},"f":{},"fnMap":{},"statementMap":{},"branchMap":{}},"contracts/interfaces/IRFOXFactory.sol":{"l":{},"path":"/private/var/www/html/RedFox/miss-universe-github/contracts/interfaces/IRFOXFactory.sol","s":{},"b":{},"f":{},"fnMap":{},"statementMap":{},"branchMap":{}},"contracts/mock/MockContractBuyer.sol":{"l":{"14":12,"17":1,"18":1,"22":1,"23":1,"27":2,"31":2},"path":"/private/var/www/html/RedFox/miss-universe-github/contracts/mock/MockContractBuyer.sol","s":{"1":12,"2":1,"3":1,"4":1,"5":1,"6":2,"7":2},"b":{},"f":{"1":12,"2":1,"3":1,"4":2,"5":2},"fnMap":{"1":{"name":"constructor","line":13,"loc":{"start":{"line":13,"column":2},"end":{"line":15,"column":2}}},"2":{"name":"mockBuyNFTSPresale","line":16,"loc":{"start":{"line":16,"column":2},"end":{"line":19,"column":2}}},"3":{"name":"mockBuyNFTSPresaleSignature","line":21,"loc":{"start":{"line":21,"column":2},"end":{"line":24,"column":2}}},"4":{"name":"mockBuyNFTSPublic","line":26,"loc":{"start":{"line":26,"column":2},"end":{"line":28,"column":2}}},"5":{"name":"mockBuyNFTSPublicSignature","line":30,"loc":{"start":{"line":30,"column":2},"end":{"line":32,"column":2}}}},"statementMap":{"1":{"start":{"line":14,"column":4},"end":{"line":14,"column":21}},"2":{"start":{"line":17,"column":4},"end":{"line":17,"column":26}},"3":{"start":{"line":18,"column":4},"end":{"line":18,"column":46}},"4":{"start":{"line":22,"column":4},"end":{"line":22,"column":26}},"5":{"start":{"line":23,"column":4},"end":{"line":23,"column":63}},"6":{"start":{"line":27,"column":4},"end":{"line":27,"column":38}},"7":{"start":{"line":31,"column":4},"end":{"line":31,"column":55}}},"branchMap":{}},"contracts/mock/MockContractBuyer1155.sol":{"l":{"14":18,"17":1,"18":1,"22":1,"23":1,"27":3,"31":3},"path":"/private/var/www/html/RedFox/miss-universe-github/contracts/mock/MockContractBuyer1155.sol","s":{"1":18,"2":1,"3":1,"4":1,"5":1,"6":3,"7":3},"b":{},"f":{"1":18,"2":1,"3":1,"4":3,"5":3},"fnMap":{"1":{"name":"constructor","line":13,"loc":{"start":{"line":13,"column":2},"end":{"line":15,"column":2}}},"2":{"name":"mockBuyNFTSPresale","line":16,"loc":{"start":{"line":16,"column":2},"end":{"line":19,"column":2}}},"3":{"name":"mockBuyNFTSPresaleSignature","line":21,"loc":{"start":{"line":21,"column":2},"end":{"line":24,"column":2}}},"4":{"name":"mockBuyNFTSPublic","line":26,"loc":{"start":{"line":26,"column":2},"end":{"line":28,"column":2}}},"5":{"name":"mockBuyNFTSPublicSignature","line":30,"loc":{"start":{"line":30,"column":2},"end":{"line":32,"column":2}}}},"statementMap":{"1":{"start":{"line":14,"column":4},"end":{"line":14,"column":21}},"2":{"start":{"line":17,"column":4},"end":{"line":17,"column":26}},"3":{"start":{"line":18,"column":4},"end":{"line":18,"column":55}},"4":{"start":{"line":22,"column":4},"end":{"line":22,"column":26}},"5":{"start":{"line":23,"column":4},"end":{"line":23,"column":72}},"6":{"start":{"line":27,"column":4},"end":{"line":27,"column":47}},"7":{"start":{"line":31,"column":4},"end":{"line":31,"column":64}}},"branchMap":{}},"contracts/mock/MockERC20.sol":{"l":{"9":1329},"path":"/private/var/www/html/RedFox/miss-universe-github/contracts/mock/MockERC20.sol","s":{"1":1329},"b":{},"f":{"1":1329},"fnMap":{"1":{"name":"constructor","line":8,"loc":{"start":{"line":8,"column":4},"end":{"line":10,"column":4}}}},"statementMap":{"1":{"start":{"line":9,"column":8},"end":{"line":9,"column":37}}},"branchMap":{}},"contracts/mock/MockReceiver.sol":{"l":{"12":12,"16":4},"path":"/private/var/www/html/RedFox/miss-universe-github/contracts/mock/MockReceiver.sol","s":{"1":12,"2":4},"b":{},"f":{"1":12,"2":4},"fnMap":{"1":{"name":"constructor","line":11,"loc":{"start":{"line":11,"column":2},"end":{"line":13,"column":2}}},"2":{"name":"withdraw","line":15,"loc":{"start":{"line":15,"column":2},"end":{"line":17,"column":2}}}},"statementMap":{"1":{"start":{"line":12,"column":4},"end":{"line":12,"column":13}},"2":{"start":{"line":16,"column":4},"end":{"line":16,"column":23}}},"branchMap":{}},"contracts/mock/MockReceiver1155.sol":{"l":{"12":12,"16":4},"path":"/private/var/www/html/RedFox/miss-universe-github/contracts/mock/MockReceiver1155.sol","s":{"1":12,"2":4},"b":{},"f":{"1":12,"2":4},"fnMap":{"1":{"name":"constructor","line":11,"loc":{"start":{"line":11,"column":2},"end":{"line":13,"column":2}}},"2":{"name":"withdraw","line":15,"loc":{"start":{"line":15,"column":2},"end":{"line":17,"column":2}}}},"statementMap":{"1":{"start":{"line":12,"column":4},"end":{"line":12,"column":13}},"2":{"start":{"line":16,"column":4},"end":{"line":16,"column":28}}},"branchMap":{}}}